c:\users\mdxbu\labs\4semestr\matproga\labs\lab2\lab2\x64\debug\vc143.pdb
c:\users\mdxbu\labs\4semestr\matproga\labs\lab2\lab2\x64\debug\vc143.idb
c:\users\mdxbu\labs\4semestr\matproga\labs\lab2\lab2\x64\debug\lab2.obj
c:\users\mdxbu\labs\4semestr\matproga\labs\lab2\lab2\x64\debug\knapsack.obj
c:\users\mdxbu\labs\4semestr\matproga\labs\lab2\lab2\x64\debug\boat.obj
c:\users\mdxbu\labs\4semestr\matproga\labs\lab2\lab2\x64\debug\combi.obj
c:\users\mdxbu\labs\4semestr\matproga\labs\lab2\lab2\x64\debug\salesman.obj
c:\users\mdxbu\labs\4semestr\matproga\labs\lab2\lab2\x64\debug\auxil.obj
c:\users\mdxbu\labs\4semestr\matproga\labs\lab2\x64\debug\lab2.pdb
c:\users\mdxbu\labs\4semestr\matproga\labs\lab2\lab2\x64\debug\lab2.tlog\cl.command.1.tlog
c:\users\mdxbu\labs\4semestr\matproga\labs\lab2\lab2\x64\debug\lab2.tlog\cl.read.1.tlog
c:\users\mdxbu\labs\4semestr\matproga\labs\lab2\lab2\x64\debug\lab2.tlog\cl.write.1.tlog
c:\users\mdxbu\labs\4semestr\matproga\labs\lab2\lab2\x64\debug\lab2.tlog\link.13232-cvtres.read.1.tlog
c:\users\mdxbu\labs\4semestr\matproga\labs\lab2\lab2\x64\debug\lab2.tlog\link.13232-cvtres.write.1.tlog
c:\users\mdxbu\labs\4semestr\matproga\labs\lab2\lab2\x64\debug\lab2.tlog\link.13232-rc.read.1.tlog
c:\users\mdxbu\labs\4semestr\matproga\labs\lab2\lab2\x64\debug\lab2.tlog\link.13232-rc.write.1.tlog
c:\users\mdxbu\labs\4semestr\matproga\labs\lab2\lab2\x64\debug\lab2.tlog\link.13232.read.1.tlog
c:\users\mdxbu\labs\4semestr\matproga\labs\lab2\lab2\x64\debug\lab2.tlog\link.13232.read.2.tlog
c:\users\mdxbu\labs\4semestr\matproga\labs\lab2\lab2\x64\debug\lab2.tlog\link.13232.write.1.tlog
c:\users\mdxbu\labs\4semestr\matproga\labs\lab2\lab2\x64\debug\lab2.tlog\link.command.1.tlog
c:\users\mdxbu\labs\4semestr\matproga\labs\lab2\lab2\x64\debug\lab2.tlog\link.read.1.tlog
c:\users\mdxbu\labs\4semestr\matproga\labs\lab2\lab2\x64\debug\lab2.tlog\link.write.1.tlog
